<?xml version="1.0" encoding="utf-8"?><testsuites><testsuite name="pytest" errors="0" failures="0" skipped="0" tests="4" time="56.532" timestamp="2023-11-01T20:30:05.323909" hostname="Keerthu_Sai"><testcase classname="test_e2e.TestHRM" name="test_login[getData_UserLogin0]" time="13.718" /><testcase classname="test_e2e.TestHRM" name="test_addEmployee[getData_EmployeeDetails0]" time="11.108" /><testcase classname="test_e2e.TestHRM" name="test_addProject[getData_ProjectDetails0]" time="15.456" /><testcase classname="test_e2e.TestHRM" name="test_verifyDashboard" time="16.171" /></testsuite></testsuites>